<?xml version="1.0" encoding="UTF-8"?>
<robot generator="Robot 3.2.1 (Python 3.8.3 on win32)" generated="20201126 13:47:05.180" rpa="false">
<suite id="s1" name="Cadastro" source="C:\Gitlab_hz\andrehz\tests\api\cadastro.robot">
<test id="s1-t1" name="CADASTRO COM SUCESSO">
<kw name="Create Session" library="RequestsLibrary" type="setup">
<doc>Create Session: create a HTTP session to a server</doc>
<arguments>
<arg>FastShop</arg>
<arg>${base_url}</arg>
</arguments>
<msg timestamp="20201126 13:47:05.784" level="INFO">Creating Session using : alias=FastShop, url=https://apiqa.fastshop.com.br, headers={},                     cookies={}, auth=None, timeout=None, proxies=None, verify=False,                     debug=0 </msg>
<status status="PASS" starttime="20201126 13:47:05.784" endtime="20201126 13:47:05.784"></status>
</kw>
<kw name="Cadastro criar um usuario com sucesso" library="services">
<arguments>
<arg>201</arg>
</arguments>
<kw name="Cpf" library="FakerLibrary">
<assign>
<var>${CPF}</var>
</assign>
<msg timestamp="20201126 13:47:05.785" level="INFO">${CPF} = 742.813.965-19</msg>
<status status="PASS" starttime="20201126 13:47:05.785" endtime="20201126 13:47:05.785"></status>
</kw>
<kw name="Name" library="FakerLibrary">
<doc>:example 'John Doe'</doc>
<assign>
<var>${NOMEFAKE}</var>
</assign>
<msg timestamp="20201126 13:47:05.785" level="INFO">${NOMEFAKE} = Srta. Luiza Barros</msg>
<status status="PASS" starttime="20201126 13:47:05.785" endtime="20201126 13:47:05.785"></status>
</kw>
<kw name="Phone Number" library="FakerLibrary">
<assign>
<var>${TELEFONEFAKE}</var>
</assign>
<msg timestamp="20201126 13:47:05.785" level="INFO">${TELEFONEFAKE} = +55 (051) 0446-6232</msg>
<status status="PASS" starttime="20201126 13:47:05.785" endtime="20201126 13:47:05.785"></status>
</kw>
<kw name="Word" library="FakerLibrary">
<doc>:returns: A random word, eg: 'lorem'</doc>
<assign>
<var>${PALAVRAFAKE}</var>
</assign>
<msg timestamp="20201126 13:47:05.786" level="INFO">${PALAVRAFAKE} = quod</msg>
<status status="PASS" starttime="20201126 13:47:05.785" endtime="20201126 13:47:05.786"></status>
</kw>
<kw name="Password" library="FakerLibrary">
<doc>Generate a random password of the specified ``length``.</doc>
<assign>
<var>${PASSWORDFAKE}</var>
</assign>
<msg timestamp="20201126 13:47:05.786" level="INFO">${PASSWORDFAKE} = +TYOuIc#30</msg>
<status status="PASS" starttime="20201126 13:47:05.786" endtime="20201126 13:47:05.786"></status>
</kw>
<kw name="Create Dictionary" library="BuiltIn">
<doc>Creates and returns a dictionary based on the given ``items``.</doc>
<arguments>
<arg>Connection=Connection</arg>
<arg>User-Agent=Mozilla/5.0 (Windows NT 10.0; Win64; x64) AppleWebKit/537.36 (KHTML, like Gecko) Chrome/83.0.4103.61 Safari/537.36</arg>
<arg>Content-Type=application/json</arg>
<arg>Accept=application/json, text/plain, */*</arg>
<arg>checkout-api-version=v1</arg>
<arg>channel=webapp</arg>
</arguments>
<assign>
<var>&amp;{headers}</var>
</assign>
<msg timestamp="20201126 13:47:05.787" level="INFO">&amp;{headers} = { Connection=Connection | User-Agent=Mozilla/5.0 (Windows NT 10.0; Win64; x64) AppleWebKit/537.36 (KHTML, like Gecko) Chrome/83.0.4103.61 Safari/537.36 | Content-Type=application/json | Accept=applica...</msg>
<status status="PASS" starttime="20201126 13:47:05.786" endtime="20201126 13:47:05.787"></status>
</kw>
<kw name="Convert To Json" library="Helpers">
<arguments>
<arg>{"document":"${CPF[0:3]}${CPF[4:7]}${CPF[8:11]}${CPF[12:]}","name":"${NOMEFAKE}","birthday":"1985-06-03","gender":"Male","tradeName":"","companyName":"","ie":"","telephone":"(11) 987488195","cellphone":"(11) 987488195","email":"${PALAVRAFAKE}_hz@fastshopteste.com","password":"12345678","receiveEmailFast":true,"receiveSMSFast":true,"receiveEmailOthers":true,"cpf":"${CPF[0:3]}${CPF[4:7]}${CPF[8:11]}${CPF[12:]}","emailVerify":"${PALAVRAFAKE}_hz@fastshopteste.com","passwordVerify":"12345678","zipCode":"07110040","streetName":"R R MARIA DE CASTRO MESQUITA","number":"84","complement":"56","district":"JARDIM SAO PAULO","city":"GUARULHOS","state":"SP","housingType":"2","country":"Brasil"}</arg>
</arguments>
<assign>
<var>${payload}</var>
</assign>
<kw name="Evaluate" library="BuiltIn">
<doc>Evaluates the given expression in Python and returns the result.</doc>
<arguments>
<arg>json.loads($target)</arg>
<arg>json</arg>
</arguments>
<assign>
<var>${result}</var>
</assign>
<msg timestamp="20201126 13:47:05.792" level="INFO">${result} = {'document': '74281396519', 'name': 'Srta. Luiza Barros', 'birthday': '1985-06-03', 'gender': 'Male', 'tradeName': '', 'companyName': '', 'ie': '', 'telephone': '(11) 987488195', 'cellphone': '(11) 98...</msg>
<status status="PASS" starttime="20201126 13:47:05.789" endtime="20201126 13:47:05.792"></status>
</kw>
<msg timestamp="20201126 13:47:05.793" level="INFO">${payload} = {'document': '74281396519', 'name': 'Srta. Luiza Barros', 'birthday': '1985-06-03', 'gender': 'Male', 'tradeName': '', 'companyName': '', 'ie': '', 'telephone': '(11) 987488195', 'cellphone': '(11) 98...</msg>
<status status="PASS" starttime="20201126 13:47:05.787" endtime="20201126 13:47:05.793"></status>
</kw>
<kw name="Log" library="BuiltIn">
<doc>Logs the given message with the given level.</doc>
<arguments>
<arg>${payload}</arg>
</arguments>
<msg timestamp="20201126 13:47:05.793" level="INFO">{'document': '74281396519', 'name': 'Srta. Luiza Barros', 'birthday': '1985-06-03', 'gender': 'Male', 'tradeName': '', 'companyName': '', 'ie': '', 'telephone': '(11) 987488195', 'cellphone': '(11) 987488195', 'email': 'quod_hz@fastshopteste.com', 'password': '12345678', 'receiveEmailFast': True, 'receiveSMSFast': True, 'receiveEmailOthers': True, 'cpf': '74281396519', 'emailVerify': 'quod_hz@fastshopteste.com', 'passwordVerify': '12345678', 'zipCode': '07110040', 'streetName': 'R R MARIA DE CASTRO MESQUITA', 'number': '84', 'complement': '56', 'district': 'JARDIM SAO PAULO', 'city': 'GUARULHOS', 'state': 'SP', 'housingType': '2', 'country': 'Brasil'}</msg>
<status status="PASS" starttime="20201126 13:47:05.793" endtime="20201126 13:47:05.793"></status>
</kw>
<kw name="Post Request" library="RequestsLibrary">
<doc>Send a POST request on the session object found using the
given `alias`</doc>
<arguments>
<arg>FastShop</arg>
<arg>/fastshop-qa/wcs/resources/v1/customer/create</arg>
<arg>data=${payload}</arg>
<arg>headers=${headers}</arg>
</arguments>
<assign>
<var>${resp}</var>
</assign>
<msg timestamp="20201126 13:47:05.916" level="INFO">POST Request : url=https://apiqa.fastshop.com.br/fastshop-qa/wcs/resources/v1/customer/create 
 path_url=/fastshop-qa/wcs/resources/v1/customer/create 
 headers={'User-Agent': 'Mozilla/5.0 (Windows NT 10.0; Win64; x64) AppleWebKit/537.36 (KHTML, like Gecko) Chrome/83.0.4103.61 Safari/537.36', 'Accept-Encoding': 'gzip, deflate', 'Accept': 'application/json, text/plain, */*', 'Connection': 'Connection', 'Content-Type': 'application/json', 'checkout-api-version': 'v1', 'channel': 'webapp', 'Content-Length': '659'} 
 body={"document": "74281396519", "name": "Srta. Luiza Barros", "birthday": "1985-06-03", "gender": "Male", "tradeName": "", "companyName": "", "ie": "", "telephone": "(11) 987488195", "cellphone": "(11) 987488195", "email": "quod_hz@fastshopteste.com", "password": "12345678", "receiveEmailFast": true, "receiveSMSFast": true, "receiveEmailOthers": true, "cpf": "74281396519", "emailVerify": "quod_hz@fastshopteste.com", "passwordVerify": "12345678", "zipCode": "07110040", "streetName": "R R MARIA DE CASTRO MESQUITA", "number": "84", "complement": "56", "district": "JARDIM SAO PAULO", "city": "GUARULHOS", "state": "SP", "housingType": "2", "country": "Brasil"} 
 </msg>
<msg timestamp="20201126 13:47:05.916" level="INFO">POST Response : url=https://apiqa.fastshop.com.br/fastshop-qa/wcs/resources/v1/customer/create 
 status=455, reason=Undefined 
 body={"errorCode":"455","errorMessage":"E-mail possui um cadastro em nosso site. Por favor, digite um outro E-mail."} 
 </msg>
<msg timestamp="20201126 13:47:05.916" level="INFO">c:\python38\lib\site-packages\urllib3\connectionpool.py:979: InsecureRequestWarning: Unverified HTTPS request is being made to host 'apiqa.fastshop.com.br'. Adding certificate verification is strongly advised. See: https://urllib3.readthedocs.io/en/latest/advanced-usage.html#ssl-warnings
  warnings.warn(</msg>
<msg timestamp="20201126 13:47:05.918" level="INFO">${resp} = &lt;Response [455]&gt;</msg>
<status status="PASS" starttime="20201126 13:47:05.793" endtime="20201126 13:47:05.918"></status>
</kw>
<kw name="Log To Console" library="BuiltIn">
<doc>Logs the given message to the console.</doc>
<arguments>
<arg>${resp.status_code}</arg>
</arguments>
<status status="PASS" starttime="20201126 13:47:05.918" endtime="20201126 13:47:05.918"></status>
</kw>
<kw name="Log To Console" library="BuiltIn">
<doc>Logs the given message to the console.</doc>
<arguments>
<arg>${payload}</arg>
</arguments>
<status status="PASS" starttime="20201126 13:47:05.919" endtime="20201126 13:47:05.920"></status>
</kw>
<kw name="Should Be Equal As Strings" library="BuiltIn">
<doc>Fails if objects are unequal after converting them to strings.</doc>
<arguments>
<arg>${resp.status_code}</arg>
<arg>${resp.status_code_page}</arg>
</arguments>
<msg timestamp="20201126 13:47:05.920" level="INFO">Argument types are:
&lt;class 'int'&gt;
&lt;type 'unicode'&gt;</msg>
<msg timestamp="20201126 13:47:05.920" level="FAIL">455 != 201</msg>
<status status="FAIL" starttime="20201126 13:47:05.920" endtime="20201126 13:47:05.920"></status>
</kw>
<status status="FAIL" starttime="20201126 13:47:05.784" endtime="20201126 13:47:05.921"></status>
</kw>
<status status="FAIL" starttime="20201126 13:47:05.783" endtime="20201126 13:47:05.921" critical="yes">455 != 201</status>
</test>
<status status="FAIL" starttime="20201126 13:47:05.182" endtime="20201126 13:47:05.923"></status>
</suite>
<statistics>
<total>
<stat pass="0" fail="1">Critical Tests</stat>
<stat pass="0" fail="1">All Tests</stat>
</total>
<tag>
</tag>
<suite>
<stat pass="0" fail="1" id="s1" name="Cadastro">Cadastro</stat>
</suite>
</statistics>
<errors>
</errors>
</robot>
